<?xml version="1.0" encoding="UTF-8"?>
<!-- Generated by org.testng.reporters.JUnitReportReporter -->
<testsuite hostname="DESKTOP-KN2Q89G" failures="0" tests="1" name="com.gpn.test.LoginTest" time="11.624" errors="0" timestamp="2024-03-10T10:27:59 IST" skipped="0">
  <testcase classname="com.gpn.test.LoginTest" name="alfaDOCKLoginTest" time="11.624"/>
</testsuite> <!-- com.gpn.test.LoginTest -->
