<?xml version="1.0" encoding="UTF-8"?>
<!-- Generated by org.testng.reporters.JUnitReportReporter -->
<testsuite hostname="DESKTOP-KN2Q89G" failures="0" tests="2" name="com.gpn.test.LoginTest" time="58.139" errors="0" timestamp="2024-02-29T21:20:08 IST" skipped="0">
  <testcase classname="com.gpn.test.LoginTest" name="test2" time="28.145"/>
  <testcase classname="com.gpn.test.LoginTest" name="test1" time="29.994"/>
</testsuite> <!-- com.gpn.test.LoginTest -->
