<?xml version="1.0" encoding="UTF-8"?>
<!-- Generated by org.testng.reporters.JUnitReportReporter -->
<testsuite hostname="DESKTOP-KN2Q89G" failures="0" tests="1" name="com.gpn.test.LoginTest" time="8.249" errors="0" timestamp="2024-03-10T15:12:00 IST" skipped="0">
  <testcase classname="com.gpn.test.LoginTest" name="alfaDOCKLoginTest" time="8.249"/>
</testsuite> <!-- com.gpn.test.LoginTest -->
