<?xml version="1.0" encoding="UTF-8"?>
<!-- Generated by org.testng.reporters.JUnitReportReporter -->
<testsuite hostname="DESKTOP-KN2Q89G" failures="0" tests="2" name="com.gpn.test.LoginTest" time="9.746" errors="0" timestamp="2024-03-03T14:10:39 IST" skipped="1">
  <testcase classname="com.gpn.test.LoginTest" name="test1" time="9.746"/>
  <testcase classname="com.gpn.test.LoginTest" name="test2">
    <skipped/>
  </testcase> <!-- test2 -->
</testsuite> <!-- com.gpn.test.LoginTest -->
