<?xml version="1.0" encoding="UTF-8"?>
<!-- Generated by org.testng.reporters.JUnitReportReporter -->
<testsuite hostname="DESKTOP-KN2Q89G" failures="0" tests="1" name="tests.DummyTest" time="5.850" errors="0" timestamp="2024-02-29T13:19:41 IST" skipped="0">
  <testcase classname="tests.DummyTest" name="dummytest" time="5.850"/>
</testsuite> <!-- tests.DummyTest -->
