<?xml version="1.0" encoding="UTF-8"?>
<!-- Generated by org.testng.reporters.JUnitReportReporter -->
<testsuite hostname="DESKTOP-KN2Q89G" failures="0" tests="1" name="com.gpn.test.LoginTest" time="15.035" errors="0" timestamp="2024-03-13T14:47:35 JST" skipped="0">
  <testcase classname="com.gpn.test.LoginTest" name="alfaDOCKLoginTest" time="15.035"/>
</testsuite> <!-- com.gpn.test.LoginTest -->
